       1 000000 012704  112243          START:  MOV  #-65535, R4
       2 000004 012703  065535                  MOV  #65535, R3
       3 000010 060403                          ADD R4, R3
       4 000012 040304                          BIC R3, R4
       5 000014 006103                          ROL R3
       6 000016 006003                          ROR R3
       7 000020 006303                          ASL R3
       8 000022 006203                          ASR R3
       9 000024 005103                          COM R3
      10 000026 000167  000022                  JMP END
      11 000032 005503                          ADC R3
      12 000034 060403                          ADD R4, R3
      13 000036 005224                          INC (R4)+
      14 000040 005323                          DEC (R3)+
      15 000042 005403                          NEG R3
      16 000044 005064  000020                  CLR 20(R4)
      17 000050 005704                          TST R4
      18 000052 000304                          SWAB R4
      19 000054 000000                  END:    HALT
      19                                
